2024-06-30 17:31:38,766 - __thread 0__ - INFO - the 0 problem solved success！
2024-06-30 17:36:57,103 - __thread 0__ - ERROR - the 0 problem 1 attempt failed！
2024-06-30 17:37:04,660 - __thread 0__ - ERROR - the 0 problem 2 attempt failed！
2024-06-30 17:37:12,705 - __thread 0__ - ERROR - the 0 problem 3 attempt failed！
2024-06-30 17:37:12,706 - __thread 0__ - ERROR - ======message======: 

2024-06-30 17:37:12,706 - __thread 0__ - ERROR - 'NoneType' object is not subscriptable

2024-06-30 17:37:12,709 - __thread 0__ - ERROR - Traceback (most recent call last):
  File "C:\Users\Admin\PycharmProjects\pythonProject\doubao\multi_thread_frame\multi_thread_test_v2.py", line 304, in basic_run
    result = result_process(response_dic)
             ^^^^^^^^^^^^^^^^^^^^^^^^^^^^
  File "C:\Users\Admin\PycharmProjects\pythonProject\doubao\multi_thread_frame\multi_thread_test_v2.py", line 245, in result_process
    resp_text = response_dic["content"]
                ~~~~~~~~~~~~^^^^^^^^^^^
TypeError: 'NoneType' object is not subscriptable


2024-06-30 17:39:21,881 - __thread 0__ - INFO - the 0 problem solved success！
2024-06-30 17:41:15,168 - __thread 0__ - INFO - the 0 problem solved success！
2024-06-30 17:41:25,603 - __thread 0__ - INFO - the 1 problem solved success！
2024-06-30 17:41:45,945 - __main__ - INFO - 开始计算
2024-06-30 17:41:52,074 - __thread 0__ - INFO - the 0 problem solved success！
2024-06-30 17:41:59,760 - __thread 0__ - INFO - the 1 problem solved success！
2024-06-30 17:42:17,756 - __main__ - INFO - 开始计算
2024-06-30 17:42:22,733 - __thread 0__ - INFO - the 0 problem solved success！
2024-06-30 17:42:31,881 - __thread 0__ - INFO - the 1 problem solved success！
2024-06-30 17:42:31,890 - __main__ - INFO - 计算完成
2024-06-30 17:45:21,919 - __main__ - INFO - 开始计算
2024-06-30 17:45:25,838 - __thread 0__ - INFO - the 0 problem solved success！
2024-06-30 17:45:27,651 - __thread 1__ - INFO - the 6 problem solved success！
2024-06-30 17:45:31,813 - __thread 2__ - INFO - the 8 problem solved success！
2024-06-30 17:45:32,461 - __thread 1__ - INFO - the 7 problem solved success！
2024-06-30 17:45:33,005 - __thread 0__ - INFO - the 1 problem solved success！
2024-06-30 17:45:37,077 - __thread 0__ - INFO - the 2 problem solved success！
2024-06-30 17:45:39,336 - __thread 2__ - INFO - the 9 problem solved success！
2024-06-30 17:45:42,311 - __thread 0__ - INFO - the 3 problem solved success！
2024-06-30 17:45:46,520 - __thread 0__ - INFO - the 4 problem solved success！
2024-06-30 17:45:50,172 - __thread 0__ - INFO - the 5 problem solved success！
2024-06-30 17:45:50,175 - __main__ - INFO - 计算完成
2024-06-30 17:46:18,061 - __main__ - INFO - 合并完成
